[  0%] Built target std_msgs_generate_messages_nodejs
[  0%] Built target _topic_tools_generate_messages_check_deps_MuxAdd
[  0%] Built target _topic_tools_generate_messages_check_deps_DemuxSelect
[  0%] Built target _topic_tools_generate_messages_check_deps_MuxDelete
[  0%] Built target _topic_tools_generate_messages_check_deps_MuxList
[  0%] Built target _topic_tools_generate_messages_check_deps_MuxSelect
[  0%] Built target std_msgs_generate_messages_cpp
[  0%] Built target _topic_tools_generate_messages_check_deps_DemuxDelete
[  0%] Built target _topic_tools_generate_messages_check_deps_DemuxList
[  0%] Built target std_msgs_generate_messages_eus
[  0%] Built target _topic_tools_generate_messages_check_deps_DemuxAdd
[  2%] [34m[1mGenerating Javascript code from topic_tools/MuxAdd.srv[0m
[  2%] Built target std_msgs_generate_messages_lisp
[  6%] [34m[1mGenerating EusLisp code from topic_tools/MuxAdd.srv[0m
[  4%] [34m[1mGenerating C++ code from topic_tools/MuxAdd.srv[0m
[  8%] [34m[1mGenerating Lisp code from topic_tools/MuxAdd.srv[0m
[ 10%] [34m[1mGenerating Javascript code from topic_tools/MuxDelete.srv[0m
[ 12%] [34m[1mGenerating EusLisp code from topic_tools/MuxDelete.srv[0m
[ 14%] [34m[1mGenerating Lisp code from topic_tools/MuxDelete.srv[0m
[ 16%] [34m[1mGenerating Javascript code from topic_tools/MuxList.srv[0m
[ 18%] [34m[1mGenerating Lisp code from topic_tools/MuxList.srv[0m
[ 20%] [34m[1mGenerating EusLisp code from topic_tools/MuxList.srv[0m
[ 22%] [34m[1mGenerating Javascript code from topic_tools/MuxSelect.srv[0m
[ 25%] [34m[1mGenerating Lisp code from topic_tools/MuxSelect.srv[0m
[ 27%] [34m[1mGenerating Javascript code from topic_tools/DemuxAdd.srv[0m
[ 29%] [34m[1mGenerating EusLisp code from topic_tools/MuxSelect.srv[0m
[ 31%] [34m[1mGenerating Lisp code from topic_tools/DemuxAdd.srv[0m
[ 33%] [34m[1mGenerating Javascript code from topic_tools/DemuxDelete.srv[0m
[ 35%] [34m[1mGenerating C++ code from topic_tools/MuxDelete.srv[0m
[ 37%] [34m[1mGenerating Lisp code from topic_tools/DemuxDelete.srv[0m
[ 39%] [34m[1mGenerating Javascript code from topic_tools/DemuxList.srv[0m
[ 41%] [34m[1mGenerating EusLisp code from topic_tools/DemuxAdd.srv[0m
[ 43%] [34m[1mGenerating Lisp code from topic_tools/DemuxList.srv[0m
[ 45%] [34m[1mGenerating EusLisp code from topic_tools/DemuxDelete.srv[0m
[ 47%] [34m[1mGenerating Javascript code from topic_tools/DemuxSelect.srv[0m
[ 50%] [34m[1mGenerating Lisp code from topic_tools/DemuxSelect.srv[0m
[ 50%] Built target topic_tools_generate_messages_nodejs
[ 52%] [34m[1mGenerating EusLisp code from topic_tools/DemuxList.srv[0m
[ 54%] [34m[1mGenerating EusLisp code from topic_tools/DemuxSelect.srv[0m
[ 54%] Built target topic_tools_generate_messages_lisp
[ 56%] [34m[1mGenerating EusLisp manifest code for topic_tools[0m
[ 58%] [34m[1mGenerating C++ code from topic_tools/MuxList.srv[0m
[ 60%] [34m[1mGenerating C++ code from topic_tools/MuxSelect.srv[0m
[ 62%] [34m[1mGenerating C++ code from topic_tools/DemuxAdd.srv[0m
[ 64%] [34m[1mGenerating C++ code from topic_tools/DemuxDelete.srv[0m
[ 66%] [34m[1mGenerating C++ code from topic_tools/DemuxList.srv[0m
[ 66%] Built target topic_tools_generate_messages_eus
[ 68%] [34m[1mGenerating C++ code from topic_tools/DemuxSelect.srv[0m
[ 68%] Built target topic_tools_generate_messages_cpp
[ 68%] Built target topic_tools_generate_messages
[ 70%] [32mBuilding CXX object CMakeFiles/topic_tools.dir/src/shape_shifter.cpp.o[0m
[ 72%] [32mBuilding CXX object CMakeFiles/topic_tools.dir/src/parse.cpp.o[0m
[ 75%] [32m[1mLinking CXX shared library /home/madhav/Documents/ros1_melodic_ws/devel/.private/topic_tools/lib/libtopic_tools.so[0m
[ 75%] Built target topic_tools
[ 77%] [32mBuilding CXX object CMakeFiles/switch_mux.dir/src/switch_mux.cpp.o[0m
[ 79%] [32mBuilding CXX object CMakeFiles/mux.dir/src/mux.cpp.o[0m
[ 81%] [32mBuilding CXX object CMakeFiles/demux.dir/src/demux.cpp.o[0m
[ 83%] [32mBuilding CXX object CMakeFiles/relay.dir/src/relay.cpp.o[0m
[ 85%] [32m[1mLinking CXX executable /home/madhav/Documents/ros1_melodic_ws/devel/.private/topic_tools/lib/topic_tools/switch_mux[0m
[ 87%] [32m[1mLinking CXX executable /home/madhav/Documents/ros1_melodic_ws/devel/.private/topic_tools/lib/topic_tools/relay[0m
[ 89%] [32m[1mLinking CXX executable /home/madhav/Documents/ros1_melodic_ws/devel/.private/topic_tools/lib/topic_tools/demux[0m
[ 91%] [32m[1mLinking CXX executable /home/madhav/Documents/ros1_melodic_ws/devel/.private/topic_tools/lib/topic_tools/mux[0m
[ 91%] Built target switch_mux
[ 91%] Built target relay
[ 91%] Built target mux
[ 93%] [32mBuilding CXX object CMakeFiles/throttle.dir/src/throttle.cpp.o[0m
[ 95%] [32mBuilding CXX object CMakeFiles/drop.dir/src/drop.cpp.o[0m
[ 95%] Built target demux
[ 97%] [32m[1mLinking CXX executable /home/madhav/Documents/ros1_melodic_ws/devel/.private/topic_tools/lib/topic_tools/drop[0m
[100%] [32m[1mLinking CXX executable /home/madhav/Documents/ros1_melodic_ws/devel/.private/topic_tools/lib/topic_tools/throttle[0m
[100%] Built target drop
[100%] Built target throttle
