Linked: (/home/madhav/Documents/ros1_melodic_ws/devel/.private/std_msgs/share/roseus/ros/std_msgs/manifest.l, /home/madhav/Documents/ros1_melodic_ws/devel/share/roseus/ros/std_msgs/manifest.l)
Linked: (/home/madhav/Documents/ros1_melodic_ws/devel/.private/std_msgs/share/roseus/ros/std_msgs/msg/ColorRGBA.l, /home/madhav/Documents/ros1_melodic_ws/devel/share/roseus/ros/std_msgs/msg/ColorRGBA.l)
Linked: (/home/madhav/Documents/ros1_melodic_ws/devel/.private/std_msgs/share/roseus/ros/std_msgs/msg/Float32MultiArray.l, /home/madhav/Documents/ros1_melodic_ws/devel/share/roseus/ros/std_msgs/msg/Float32MultiArray.l)
Linked: (/home/madhav/Documents/ros1_melodic_ws/devel/.private/std_msgs/share/roseus/ros/std_msgs/msg/UInt16MultiArray.l, /home/madhav/Documents/ros1_melodic_ws/devel/share/roseus/ros/std_msgs/msg/UInt16MultiArray.l)
Linked: (/home/madhav/Documents/ros1_melodic_ws/devel/.private/std_msgs/share/roseus/ros/std_msgs/msg/String.l, /home/madhav/Documents/ros1_melodic_ws/devel/share/roseus/ros/std_msgs/msg/String.l)
Linked: (/home/madhav/Documents/ros1_melodic_ws/devel/.private/std_msgs/share/roseus/ros/std_msgs/msg/UInt64.l, /home/madhav/Documents/ros1_melodic_ws/devel/share/roseus/ros/std_msgs/msg/UInt64.l)
Linked: (/home/madhav/Documents/ros1_melodic_ws/devel/.private/std_msgs/share/roseus/ros/std_msgs/msg/Empty.l, /home/madhav/Documents/ros1_melodic_ws/devel/share/roseus/ros/std_msgs/msg/Empty.l)
Linked: (/home/madhav/Documents/ros1_melodic_ws/devel/.private/std_msgs/share/roseus/ros/std_msgs/msg/Int32MultiArray.l, /home/madhav/Documents/ros1_melodic_ws/devel/share/roseus/ros/std_msgs/msg/Int32MultiArray.l)
Linked: (/home/madhav/Documents/ros1_melodic_ws/devel/.private/std_msgs/share/roseus/ros/std_msgs/msg/Char.l, /home/madhav/Documents/ros1_melodic_ws/devel/share/roseus/ros/std_msgs/msg/Char.l)
Linked: (/home/madhav/Documents/ros1_melodic_ws/devel/.private/std_msgs/share/roseus/ros/std_msgs/msg/Int16MultiArray.l, /home/madhav/Documents/ros1_melodic_ws/devel/share/roseus/ros/std_msgs/msg/Int16MultiArray.l)
Linked: (/home/madhav/Documents/ros1_melodic_ws/devel/.private/std_msgs/share/roseus/ros/std_msgs/msg/Int8.l, /home/madhav/Documents/ros1_melodic_ws/devel/share/roseus/ros/std_msgs/msg/Int8.l)
Linked: (/home/madhav/Documents/ros1_melodic_ws/devel/.private/std_msgs/share/roseus/ros/std_msgs/msg/Int64MultiArray.l, /home/madhav/Documents/ros1_melodic_ws/devel/share/roseus/ros/std_msgs/msg/Int64MultiArray.l)
Linked: (/home/madhav/Documents/ros1_melodic_ws/devel/.private/std_msgs/share/roseus/ros/std_msgs/msg/Float32.l, /home/madhav/Documents/ros1_melodic_ws/devel/share/roseus/ros/std_msgs/msg/Float32.l)
Linked: (/home/madhav/Documents/ros1_melodic_ws/devel/.private/std_msgs/share/roseus/ros/std_msgs/msg/MultiArrayDimension.l, /home/madhav/Documents/ros1_melodic_ws/devel/share/roseus/ros/std_msgs/msg/MultiArrayDimension.l)
Linked: (/home/madhav/Documents/ros1_melodic_ws/devel/.private/std_msgs/share/roseus/ros/std_msgs/msg/Duration.l, /home/madhav/Documents/ros1_melodic_ws/devel/share/roseus/ros/std_msgs/msg/Duration.l)
Linked: (/home/madhav/Documents/ros1_melodic_ws/devel/.private/std_msgs/share/roseus/ros/std_msgs/msg/UInt32.l, /home/madhav/Documents/ros1_melodic_ws/devel/share/roseus/ros/std_msgs/msg/UInt32.l)
Linked: (/home/madhav/Documents/ros1_melodic_ws/devel/.private/std_msgs/share/roseus/ros/std_msgs/msg/UInt64MultiArray.l, /home/madhav/Documents/ros1_melodic_ws/devel/share/roseus/ros/std_msgs/msg/UInt64MultiArray.l)
Linked: (/home/madhav/Documents/ros1_melodic_ws/devel/.private/std_msgs/share/roseus/ros/std_msgs/msg/UInt16.l, /home/madhav/Documents/ros1_melodic_ws/devel/share/roseus/ros/std_msgs/msg/UInt16.l)
Linked: (/home/madhav/Documents/ros1_melodic_ws/devel/.private/std_msgs/share/roseus/ros/std_msgs/msg/UInt8.l, /home/madhav/Documents/ros1_melodic_ws/devel/share/roseus/ros/std_msgs/msg/UInt8.l)
Linked: (/home/madhav/Documents/ros1_melodic_ws/devel/.private/std_msgs/share/roseus/ros/std_msgs/msg/Int32.l, /home/madhav/Documents/ros1_melodic_ws/devel/share/roseus/ros/std_msgs/msg/Int32.l)
Linked: (/home/madhav/Documents/ros1_melodic_ws/devel/.private/std_msgs/share/roseus/ros/std_msgs/msg/Int64.l, /home/madhav/Documents/ros1_melodic_ws/devel/share/roseus/ros/std_msgs/msg/Int64.l)
Linked: (/home/madhav/Documents/ros1_melodic_ws/devel/.private/std_msgs/share/roseus/ros/std_msgs/msg/Float64MultiArray.l, /home/madhav/Documents/ros1_melodic_ws/devel/share/roseus/ros/std_msgs/msg/Float64MultiArray.l)
Linked: (/home/madhav/Documents/ros1_melodic_ws/devel/.private/std_msgs/share/roseus/ros/std_msgs/msg/Time.l, /home/madhav/Documents/ros1_melodic_ws/devel/share/roseus/ros/std_msgs/msg/Time.l)
Linked: (/home/madhav/Documents/ros1_melodic_ws/devel/.private/std_msgs/share/roseus/ros/std_msgs/msg/ByteMultiArray.l, /home/madhav/Documents/ros1_melodic_ws/devel/share/roseus/ros/std_msgs/msg/ByteMultiArray.l)
Linked: (/home/madhav/Documents/ros1_melodic_ws/devel/.private/std_msgs/share/roseus/ros/std_msgs/msg/Header.l, /home/madhav/Documents/ros1_melodic_ws/devel/share/roseus/ros/std_msgs/msg/Header.l)
Linked: (/home/madhav/Documents/ros1_melodic_ws/devel/.private/std_msgs/share/roseus/ros/std_msgs/msg/UInt8MultiArray.l, /home/madhav/Documents/ros1_melodic_ws/devel/share/roseus/ros/std_msgs/msg/UInt8MultiArray.l)
Linked: (/home/madhav/Documents/ros1_melodic_ws/devel/.private/std_msgs/share/roseus/ros/std_msgs/msg/MultiArrayLayout.l, /home/madhav/Documents/ros1_melodic_ws/devel/share/roseus/ros/std_msgs/msg/MultiArrayLayout.l)
Linked: (/home/madhav/Documents/ros1_melodic_ws/devel/.private/std_msgs/share/roseus/ros/std_msgs/msg/Byte.l, /home/madhav/Documents/ros1_melodic_ws/devel/share/roseus/ros/std_msgs/msg/Byte.l)
Linked: (/home/madhav/Documents/ros1_melodic_ws/devel/.private/std_msgs/share/roseus/ros/std_msgs/msg/Int16.l, /home/madhav/Documents/ros1_melodic_ws/devel/share/roseus/ros/std_msgs/msg/Int16.l)
Linked: (/home/madhav/Documents/ros1_melodic_ws/devel/.private/std_msgs/share/roseus/ros/std_msgs/msg/Bool.l, /home/madhav/Documents/ros1_melodic_ws/devel/share/roseus/ros/std_msgs/msg/Bool.l)
Linked: (/home/madhav/Documents/ros1_melodic_ws/devel/.private/std_msgs/share/roseus/ros/std_msgs/msg/Float64.l, /home/madhav/Documents/ros1_melodic_ws/devel/share/roseus/ros/std_msgs/msg/Float64.l)
Linked: (/home/madhav/Documents/ros1_melodic_ws/devel/.private/std_msgs/share/roseus/ros/std_msgs/msg/UInt32MultiArray.l, /home/madhav/Documents/ros1_melodic_ws/devel/share/roseus/ros/std_msgs/msg/UInt32MultiArray.l)
Linked: (/home/madhav/Documents/ros1_melodic_ws/devel/.private/std_msgs/share/roseus/ros/std_msgs/msg/Int8MultiArray.l, /home/madhav/Documents/ros1_melodic_ws/devel/share/roseus/ros/std_msgs/msg/Int8MultiArray.l)
Linked: (/home/madhav/Documents/ros1_melodic_ws/devel/.private/std_msgs/share/std_msgs/cmake/std_msgs-msg-paths.cmake, /home/madhav/Documents/ros1_melodic_ws/devel/share/std_msgs/cmake/std_msgs-msg-paths.cmake)
Linked: (/home/madhav/Documents/ros1_melodic_ws/devel/.private/std_msgs/share/std_msgs/cmake/std_msgs-msg-extras.cmake, /home/madhav/Documents/ros1_melodic_ws/devel/share/std_msgs/cmake/std_msgs-msg-extras.cmake)
Linked: (/home/madhav/Documents/ros1_melodic_ws/devel/.private/std_msgs/share/std_msgs/cmake/std_msgsConfig.cmake, /home/madhav/Documents/ros1_melodic_ws/devel/share/std_msgs/cmake/std_msgsConfig.cmake)
Linked: (/home/madhav/Documents/ros1_melodic_ws/devel/.private/std_msgs/share/std_msgs/cmake/std_msgsConfig-version.cmake, /home/madhav/Documents/ros1_melodic_ws/devel/share/std_msgs/cmake/std_msgsConfig-version.cmake)
Linked: (/home/madhav/Documents/ros1_melodic_ws/devel/.private/std_msgs/share/gennodejs/ros/std_msgs/_index.js, /home/madhav/Documents/ros1_melodic_ws/devel/share/gennodejs/ros/std_msgs/_index.js)
Linked: (/home/madhav/Documents/ros1_melodic_ws/devel/.private/std_msgs/share/gennodejs/ros/std_msgs/msg/UInt16MultiArray.js, /home/madhav/Documents/ros1_melodic_ws/devel/share/gennodejs/ros/std_msgs/msg/UInt16MultiArray.js)
Linked: (/home/madhav/Documents/ros1_melodic_ws/devel/.private/std_msgs/share/gennodejs/ros/std_msgs/msg/Int64MultiArray.js, /home/madhav/Documents/ros1_melodic_ws/devel/share/gennodejs/ros/std_msgs/msg/Int64MultiArray.js)
Linked: (/home/madhav/Documents/ros1_melodic_ws/devel/.private/std_msgs/share/gennodejs/ros/std_msgs/msg/Int8MultiArray.js, /home/madhav/Documents/ros1_melodic_ws/devel/share/gennodejs/ros/std_msgs/msg/Int8MultiArray.js)
Linked: (/home/madhav/Documents/ros1_melodic_ws/devel/.private/std_msgs/share/gennodejs/ros/std_msgs/msg/MultiArrayLayout.js, /home/madhav/Documents/ros1_melodic_ws/devel/share/gennodejs/ros/std_msgs/msg/MultiArrayLayout.js)
Linked: (/home/madhav/Documents/ros1_melodic_ws/devel/.private/std_msgs/share/gennodejs/ros/std_msgs/msg/UInt32MultiArray.js, /home/madhav/Documents/ros1_melodic_ws/devel/share/gennodejs/ros/std_msgs/msg/UInt32MultiArray.js)
Linked: (/home/madhav/Documents/ros1_melodic_ws/devel/.private/std_msgs/share/gennodejs/ros/std_msgs/msg/Bool.js, /home/madhav/Documents/ros1_melodic_ws/devel/share/gennodejs/ros/std_msgs/msg/Bool.js)
Linked: (/home/madhav/Documents/ros1_melodic_ws/devel/.private/std_msgs/share/gennodejs/ros/std_msgs/msg/ByteMultiArray.js, /home/madhav/Documents/ros1_melodic_ws/devel/share/gennodejs/ros/std_msgs/msg/ByteMultiArray.js)
Linked: (/home/madhav/Documents/ros1_melodic_ws/devel/.private/std_msgs/share/gennodejs/ros/std_msgs/msg/Int16MultiArray.js, /home/madhav/Documents/ros1_melodic_ws/devel/share/gennodejs/ros/std_msgs/msg/Int16MultiArray.js)
Linked: (/home/madhav/Documents/ros1_melodic_ws/devel/.private/std_msgs/share/gennodejs/ros/std_msgs/msg/Char.js, /home/madhav/Documents/ros1_melodic_ws/devel/share/gennodejs/ros/std_msgs/msg/Char.js)
Linked: (/home/madhav/Documents/ros1_melodic_ws/devel/.private/std_msgs/share/gennodejs/ros/std_msgs/msg/Float32MultiArray.js, /home/madhav/Documents/ros1_melodic_ws/devel/share/gennodejs/ros/std_msgs/msg/Float32MultiArray.js)
Linked: (/home/madhav/Documents/ros1_melodic_ws/devel/.private/std_msgs/share/gennodejs/ros/std_msgs/msg/UInt64.js, /home/madhav/Documents/ros1_melodic_ws/devel/share/gennodejs/ros/std_msgs/msg/UInt64.js)
Linked: (/home/madhav/Documents/ros1_melodic_ws/devel/.private/std_msgs/share/gennodejs/ros/std_msgs/msg/ColorRGBA.js, /home/madhav/Documents/ros1_melodic_ws/devel/share/gennodejs/ros/std_msgs/msg/ColorRGBA.js)
Linked: (/home/madhav/Documents/ros1_melodic_ws/devel/.private/std_msgs/share/gennodejs/ros/std_msgs/msg/_index.js, /home/madhav/Documents/ros1_melodic_ws/devel/share/gennodejs/ros/std_msgs/msg/_index.js)
Linked: (/home/madhav/Documents/ros1_melodic_ws/devel/.private/std_msgs/share/gennodejs/ros/std_msgs/msg/Int64.js, /home/madhav/Documents/ros1_melodic_ws/devel/share/gennodejs/ros/std_msgs/msg/Int64.js)
Linked: (/home/madhav/Documents/ros1_melodic_ws/devel/.private/std_msgs/share/gennodejs/ros/std_msgs/msg/String.js, /home/madhav/Documents/ros1_melodic_ws/devel/share/gennodejs/ros/std_msgs/msg/String.js)
Linked: (/home/madhav/Documents/ros1_melodic_ws/devel/.private/std_msgs/share/gennodejs/ros/std_msgs/msg/Byte.js, /home/madhav/Documents/ros1_melodic_ws/devel/share/gennodejs/ros/std_msgs/msg/Byte.js)
Linked: (/home/madhav/Documents/ros1_melodic_ws/devel/.private/std_msgs/share/gennodejs/ros/std_msgs/msg/Int8.js, /home/madhav/Documents/ros1_melodic_ws/devel/share/gennodejs/ros/std_msgs/msg/Int8.js)
Linked: (/home/madhav/Documents/ros1_melodic_ws/devel/.private/std_msgs/share/gennodejs/ros/std_msgs/msg/Int32MultiArray.js, /home/madhav/Documents/ros1_melodic_ws/devel/share/gennodejs/ros/std_msgs/msg/Int32MultiArray.js)
Linked: (/home/madhav/Documents/ros1_melodic_ws/devel/.private/std_msgs/share/gennodejs/ros/std_msgs/msg/Time.js, /home/madhav/Documents/ros1_melodic_ws/devel/share/gennodejs/ros/std_msgs/msg/Time.js)
Linked: (/home/madhav/Documents/ros1_melodic_ws/devel/.private/std_msgs/share/gennodejs/ros/std_msgs/msg/UInt8.js, /home/madhav/Documents/ros1_melodic_ws/devel/share/gennodejs/ros/std_msgs/msg/UInt8.js)
Linked: (/home/madhav/Documents/ros1_melodic_ws/devel/.private/std_msgs/share/gennodejs/ros/std_msgs/msg/MultiArrayDimension.js, /home/madhav/Documents/ros1_melodic_ws/devel/share/gennodejs/ros/std_msgs/msg/MultiArrayDimension.js)
Linked: (/home/madhav/Documents/ros1_melodic_ws/devel/.private/std_msgs/share/gennodejs/ros/std_msgs/msg/Float32.js, /home/madhav/Documents/ros1_melodic_ws/devel/share/gennodejs/ros/std_msgs/msg/Float32.js)
Linked: (/home/madhav/Documents/ros1_melodic_ws/devel/.private/std_msgs/share/gennodejs/ros/std_msgs/msg/UInt8MultiArray.js, /home/madhav/Documents/ros1_melodic_ws/devel/share/gennodejs/ros/std_msgs/msg/UInt8MultiArray.js)
Linked: (/home/madhav/Documents/ros1_melodic_ws/devel/.private/std_msgs/share/gennodejs/ros/std_msgs/msg/Header.js, /home/madhav/Documents/ros1_melodic_ws/devel/share/gennodejs/ros/std_msgs/msg/Header.js)
Linked: (/home/madhav/Documents/ros1_melodic_ws/devel/.private/std_msgs/share/gennodejs/ros/std_msgs/msg/Empty.js, /home/madhav/Documents/ros1_melodic_ws/devel/share/gennodejs/ros/std_msgs/msg/Empty.js)
Linked: (/home/madhav/Documents/ros1_melodic_ws/devel/.private/std_msgs/share/gennodejs/ros/std_msgs/msg/Int32.js, /home/madhav/Documents/ros1_melodic_ws/devel/share/gennodejs/ros/std_msgs/msg/Int32.js)
Linked: (/home/madhav/Documents/ros1_melodic_ws/devel/.private/std_msgs/share/gennodejs/ros/std_msgs/msg/UInt32.js, /home/madhav/Documents/ros1_melodic_ws/devel/share/gennodejs/ros/std_msgs/msg/UInt32.js)
Linked: (/home/madhav/Documents/ros1_melodic_ws/devel/.private/std_msgs/share/gennodejs/ros/std_msgs/msg/Int16.js, /home/madhav/Documents/ros1_melodic_ws/devel/share/gennodejs/ros/std_msgs/msg/Int16.js)
Linked: (/home/madhav/Documents/ros1_melodic_ws/devel/.private/std_msgs/share/gennodejs/ros/std_msgs/msg/Float64.js, /home/madhav/Documents/ros1_melodic_ws/devel/share/gennodejs/ros/std_msgs/msg/Float64.js)
Linked: (/home/madhav/Documents/ros1_melodic_ws/devel/.private/std_msgs/share/gennodejs/ros/std_msgs/msg/UInt64MultiArray.js, /home/madhav/Documents/ros1_melodic_ws/devel/share/gennodejs/ros/std_msgs/msg/UInt64MultiArray.js)
Linked: (/home/madhav/Documents/ros1_melodic_ws/devel/.private/std_msgs/share/gennodejs/ros/std_msgs/msg/UInt16.js, /home/madhav/Documents/ros1_melodic_ws/devel/share/gennodejs/ros/std_msgs/msg/UInt16.js)
Linked: (/home/madhav/Documents/ros1_melodic_ws/devel/.private/std_msgs/share/gennodejs/ros/std_msgs/msg/Float64MultiArray.js, /home/madhav/Documents/ros1_melodic_ws/devel/share/gennodejs/ros/std_msgs/msg/Float64MultiArray.js)
Linked: (/home/madhav/Documents/ros1_melodic_ws/devel/.private/std_msgs/share/gennodejs/ros/std_msgs/msg/Duration.js, /home/madhav/Documents/ros1_melodic_ws/devel/share/gennodejs/ros/std_msgs/msg/Duration.js)
Linked: (/home/madhav/Documents/ros1_melodic_ws/devel/.private/std_msgs/share/common-lisp/ros/std_msgs/msg/_package_Float64.lisp, /home/madhav/Documents/ros1_melodic_ws/devel/share/common-lisp/ros/std_msgs/msg/_package_Float64.lisp)
Linked: (/home/madhav/Documents/ros1_melodic_ws/devel/.private/std_msgs/share/common-lisp/ros/std_msgs/msg/_package_Int32.lisp, /home/madhav/Documents/ros1_melodic_ws/devel/share/common-lisp/ros/std_msgs/msg/_package_Int32.lisp)
Linked: (/home/madhav/Documents/ros1_melodic_ws/devel/.private/std_msgs/share/common-lisp/ros/std_msgs/msg/Int8MultiArray.lisp, /home/madhav/Documents/ros1_melodic_ws/devel/share/common-lisp/ros/std_msgs/msg/Int8MultiArray.lisp)
Linked: (/home/madhav/Documents/ros1_melodic_ws/devel/.private/std_msgs/share/common-lisp/ros/std_msgs/msg/_package_Char.lisp, /home/madhav/Documents/ros1_melodic_ws/devel/share/common-lisp/ros/std_msgs/msg/_package_Char.lisp)
Linked: (/home/madhav/Documents/ros1_melodic_ws/devel/.private/std_msgs/share/common-lisp/ros/std_msgs/msg/Byte.lisp, /home/madhav/Documents/ros1_melodic_ws/devel/share/common-lisp/ros/std_msgs/msg/Byte.lisp)
Linked: (/home/madhav/Documents/ros1_melodic_ws/devel/.private/std_msgs/share/common-lisp/ros/std_msgs/msg/_package_UInt32MultiArray.lisp, /home/madhav/Documents/ros1_melodic_ws/devel/share/common-lisp/ros/std_msgs/msg/_package_UInt32MultiArray.lisp)
Linked: (/home/madhav/Documents/ros1_melodic_ws/devel/.private/std_msgs/share/common-lisp/ros/std_msgs/msg/Int32.lisp, /home/madhav/Documents/ros1_melodic_ws/devel/share/common-lisp/ros/std_msgs/msg/Int32.lisp)
Linked: (/home/madhav/Documents/ros1_melodic_ws/devel/.private/std_msgs/share/common-lisp/ros/std_msgs/msg/_package_ByteMultiArray.lisp, /home/madhav/Documents/ros1_melodic_ws/devel/share/common-lisp/ros/std_msgs/msg/_package_ByteMultiArray.lisp)
Linked: (/home/madhav/Documents/ros1_melodic_ws/devel/.private/std_msgs/share/common-lisp/ros/std_msgs/msg/ColorRGBA.lisp, /home/madhav/Documents/ros1_melodic_ws/devel/share/common-lisp/ros/std_msgs/msg/ColorRGBA.lisp)
Linked: (/home/madhav/Documents/ros1_melodic_ws/devel/.private/std_msgs/share/common-lisp/ros/std_msgs/msg/_package_Int8.lisp, /home/madhav/Documents/ros1_melodic_ws/devel/share/common-lisp/ros/std_msgs/msg/_package_Int8.lisp)
Linked: (/home/madhav/Documents/ros1_melodic_ws/devel/.private/std_msgs/share/common-lisp/ros/std_msgs/msg/_package_UInt8MultiArray.lisp, /home/madhav/Documents/ros1_melodic_ws/devel/share/common-lisp/ros/std_msgs/msg/_package_UInt8MultiArray.lisp)
Linked: (/home/madhav/Documents/ros1_melodic_ws/devel/.private/std_msgs/share/common-lisp/ros/std_msgs/msg/_package_UInt32.lisp, /home/madhav/Documents/ros1_melodic_ws/devel/share/common-lisp/ros/std_msgs/msg/_package_UInt32.lisp)
Linked: (/home/madhav/Documents/ros1_melodic_ws/devel/.private/std_msgs/share/common-lisp/ros/std_msgs/msg/Int64.lisp, /home/madhav/Documents/ros1_melodic_ws/devel/share/common-lisp/ros/std_msgs/msg/Int64.lisp)
Linked: (/home/madhav/Documents/ros1_melodic_ws/devel/.private/std_msgs/share/common-lisp/ros/std_msgs/msg/UInt8.lisp, /home/madhav/Documents/ros1_melodic_ws/devel/share/common-lisp/ros/std_msgs/msg/UInt8.lisp)
Linked: (/home/madhav/Documents/ros1_melodic_ws/devel/.private/std_msgs/share/common-lisp/ros/std_msgs/msg/_package_Float32MultiArray.lisp, /home/madhav/Documents/ros1_melodic_ws/devel/share/common-lisp/ros/std_msgs/msg/_package_Float32MultiArray.lisp)
Linked: (/home/madhav/Documents/ros1_melodic_ws/devel/.private/std_msgs/share/common-lisp/ros/std_msgs/msg/_package_ColorRGBA.lisp, /home/madhav/Documents/ros1_melodic_ws/devel/share/common-lisp/ros/std_msgs/msg/_package_ColorRGBA.lisp)
Linked: (/home/madhav/Documents/ros1_melodic_ws/devel/.private/std_msgs/share/common-lisp/ros/std_msgs/msg/MultiArrayDimension.lisp, /home/madhav/Documents/ros1_melodic_ws/devel/share/common-lisp/ros/std_msgs/msg/MultiArrayDimension.lisp)
Linked: (/home/madhav/Documents/ros1_melodic_ws/devel/.private/std_msgs/share/common-lisp/ros/std_msgs/msg/MultiArrayLayout.lisp, /home/madhav/Documents/ros1_melodic_ws/devel/share/common-lisp/ros/std_msgs/msg/MultiArrayLayout.lisp)
Linked: (/home/madhav/Documents/ros1_melodic_ws/devel/.private/std_msgs/share/common-lisp/ros/std_msgs/msg/_package_UInt64MultiArray.lisp, /home/madhav/Documents/ros1_melodic_ws/devel/share/common-lisp/ros/std_msgs/msg/_package_UInt64MultiArray.lisp)
Linked: (/home/madhav/Documents/ros1_melodic_ws/devel/.private/std_msgs/share/common-lisp/ros/std_msgs/msg/UInt64MultiArray.lisp, /home/madhav/Documents/ros1_melodic_ws/devel/share/common-lisp/ros/std_msgs/msg/UInt64MultiArray.lisp)
Linked: (/home/madhav/Documents/ros1_melodic_ws/devel/.private/std_msgs/share/common-lisp/ros/std_msgs/msg/_package_Int64MultiArray.lisp, /home/madhav/Documents/ros1_melodic_ws/devel/share/common-lisp/ros/std_msgs/msg/_package_Int64MultiArray.lisp)
Linked: (/home/madhav/Documents/ros1_melodic_ws/devel/.private/std_msgs/share/common-lisp/ros/std_msgs/msg/Time.lisp, /home/madhav/Documents/ros1_melodic_ws/devel/share/common-lisp/ros/std_msgs/msg/Time.lisp)
Linked: (/home/madhav/Documents/ros1_melodic_ws/devel/.private/std_msgs/share/common-lisp/ros/std_msgs/msg/Int16MultiArray.lisp, /home/madhav/Documents/ros1_melodic_ws/devel/share/common-lisp/ros/std_msgs/msg/Int16MultiArray.lisp)
Linked: (/home/madhav/Documents/ros1_melodic_ws/devel/.private/std_msgs/share/common-lisp/ros/std_msgs/msg/Int8.lisp, /home/madhav/Documents/ros1_melodic_ws/devel/share/common-lisp/ros/std_msgs/msg/Int8.lisp)
Linked: (/home/madhav/Documents/ros1_melodic_ws/devel/.private/std_msgs/share/common-lisp/ros/std_msgs/msg/_package_Int32MultiArray.lisp, /home/madhav/Documents/ros1_melodic_ws/devel/share/common-lisp/ros/std_msgs/msg/_package_Int32MultiArray.lisp)
Linked: (/home/madhav/Documents/ros1_melodic_ws/devel/.private/std_msgs/share/common-lisp/ros/std_msgs/msg/_package_Int16.lisp, /home/madhav/Documents/ros1_melodic_ws/devel/share/common-lisp/ros/std_msgs/msg/_package_Int16.lisp)
Linked: (/home/madhav/Documents/ros1_melodic_ws/devel/.private/std_msgs/share/common-lisp/ros/std_msgs/msg/Float64.lisp, /home/madhav/Documents/ros1_melodic_ws/devel/share/common-lisp/ros/std_msgs/msg/Float64.lisp)
Linked: (/home/madhav/Documents/ros1_melodic_ws/devel/.private/std_msgs/share/common-lisp/ros/std_msgs/msg/_package_String.lisp, /home/madhav/Documents/ros1_melodic_ws/devel/share/common-lisp/ros/std_msgs/msg/_package_String.lisp)
Linked: (/home/madhav/Documents/ros1_melodic_ws/devel/.private/std_msgs/share/common-lisp/ros/std_msgs/msg/_package_UInt8.lisp, /home/madhav/Documents/ros1_melodic_ws/devel/share/common-lisp/ros/std_msgs/msg/_package_UInt8.lisp)
Linked: (/home/madhav/Documents/ros1_melodic_ws/devel/.private/std_msgs/share/common-lisp/ros/std_msgs/msg/Int32MultiArray.lisp, /home/madhav/Documents/ros1_melodic_ws/devel/share/common-lisp/ros/std_msgs/msg/Int32MultiArray.lisp)
Linked: (/home/madhav/Documents/ros1_melodic_ws/devel/.private/std_msgs/share/common-lisp/ros/std_msgs/msg/Empty.lisp, /home/madhav/Documents/ros1_melodic_ws/devel/share/common-lisp/ros/std_msgs/msg/Empty.lisp)
Linked: (/home/madhav/Documents/ros1_melodic_ws/devel/.private/std_msgs/share/common-lisp/ros/std_msgs/msg/_package_Int16MultiArray.lisp, /home/madhav/Documents/ros1_melodic_ws/devel/share/common-lisp/ros/std_msgs/msg/_package_Int16MultiArray.lisp)
Linked: (/home/madhav/Documents/ros1_melodic_ws/devel/.private/std_msgs/share/common-lisp/ros/std_msgs/msg/_package_Empty.lisp, /home/madhav/Documents/ros1_melodic_ws/devel/share/common-lisp/ros/std_msgs/msg/_package_Empty.lisp)
Linked: (/home/madhav/Documents/ros1_melodic_ws/devel/.private/std_msgs/share/common-lisp/ros/std_msgs/msg/_package_UInt16MultiArray.lisp, /home/madhav/Documents/ros1_melodic_ws/devel/share/common-lisp/ros/std_msgs/msg/_package_UInt16MultiArray.lisp)
Linked: (/home/madhav/Documents/ros1_melodic_ws/devel/.private/std_msgs/share/common-lisp/ros/std_msgs/msg/_package_UInt16.lisp, /home/madhav/Documents/ros1_melodic_ws/devel/share/common-lisp/ros/std_msgs/msg/_package_UInt16.lisp)
Linked: (/home/madhav/Documents/ros1_melodic_ws/devel/.private/std_msgs/share/common-lisp/ros/std_msgs/msg/Duration.lisp, /home/madhav/Documents/ros1_melodic_ws/devel/share/common-lisp/ros/std_msgs/msg/Duration.lisp)
Linked: (/home/madhav/Documents/ros1_melodic_ws/devel/.private/std_msgs/share/common-lisp/ros/std_msgs/msg/_package_Int64.lisp, /home/madhav/Documents/ros1_melodic_ws/devel/share/common-lisp/ros/std_msgs/msg/_package_Int64.lisp)
Linked: (/home/madhav/Documents/ros1_melodic_ws/devel/.private/std_msgs/share/common-lisp/ros/std_msgs/msg/UInt64.lisp, /home/madhav/Documents/ros1_melodic_ws/devel/share/common-lisp/ros/std_msgs/msg/UInt64.lisp)
Linked: (/home/madhav/Documents/ros1_melodic_ws/devel/.private/std_msgs/share/common-lisp/ros/std_msgs/msg/Float32.lisp, /home/madhav/Documents/ros1_melodic_ws/devel/share/common-lisp/ros/std_msgs/msg/Float32.lisp)
Linked: (/home/madhav/Documents/ros1_melodic_ws/devel/.private/std_msgs/share/common-lisp/ros/std_msgs/msg/ByteMultiArray.lisp, /home/madhav/Documents/ros1_melodic_ws/devel/share/common-lisp/ros/std_msgs/msg/ByteMultiArray.lisp)
Linked: (/home/madhav/Documents/ros1_melodic_ws/devel/.private/std_msgs/share/common-lisp/ros/std_msgs/msg/UInt8MultiArray.lisp, /home/madhav/Documents/ros1_melodic_ws/devel/share/common-lisp/ros/std_msgs/msg/UInt8MultiArray.lisp)
Linked: (/home/madhav/Documents/ros1_melodic_ws/devel/.private/std_msgs/share/common-lisp/ros/std_msgs/msg/_package_Bool.lisp, /home/madhav/Documents/ros1_melodic_ws/devel/share/common-lisp/ros/std_msgs/msg/_package_Bool.lisp)
Linked: (/home/madhav/Documents/ros1_melodic_ws/devel/.private/std_msgs/share/common-lisp/ros/std_msgs/msg/_package_Float32.lisp, /home/madhav/Documents/ros1_melodic_ws/devel/share/common-lisp/ros/std_msgs/msg/_package_Float32.lisp)
Linked: (/home/madhav/Documents/ros1_melodic_ws/devel/.private/std_msgs/share/common-lisp/ros/std_msgs/msg/_package_MultiArrayDimension.lisp, /home/madhav/Documents/ros1_melodic_ws/devel/share/common-lisp/ros/std_msgs/msg/_package_MultiArrayDimension.lisp)
Linked: (/home/madhav/Documents/ros1_melodic_ws/devel/.private/std_msgs/share/common-lisp/ros/std_msgs/msg/UInt32MultiArray.lisp, /home/madhav/Documents/ros1_melodic_ws/devel/share/common-lisp/ros/std_msgs/msg/UInt32MultiArray.lisp)
Linked: (/home/madhav/Documents/ros1_melodic_ws/devel/.private/std_msgs/share/common-lisp/ros/std_msgs/msg/std_msgs-msg.asd, /home/madhav/Documents/ros1_melodic_ws/devel/share/common-lisp/ros/std_msgs/msg/std_msgs-msg.asd)
Linked: (/home/madhav/Documents/ros1_melodic_ws/devel/.private/std_msgs/share/common-lisp/ros/std_msgs/msg/_package_Duration.lisp, /home/madhav/Documents/ros1_melodic_ws/devel/share/common-lisp/ros/std_msgs/msg/_package_Duration.lisp)
Linked: (/home/madhav/Documents/ros1_melodic_ws/devel/.private/std_msgs/share/common-lisp/ros/std_msgs/msg/Header.lisp, /home/madhav/Documents/ros1_melodic_ws/devel/share/common-lisp/ros/std_msgs/msg/Header.lisp)
Linked: (/home/madhav/Documents/ros1_melodic_ws/devel/.private/std_msgs/share/common-lisp/ros/std_msgs/msg/Char.lisp, /home/madhav/Documents/ros1_melodic_ws/devel/share/common-lisp/ros/std_msgs/msg/Char.lisp)
Linked: (/home/madhav/Documents/ros1_melodic_ws/devel/.private/std_msgs/share/common-lisp/ros/std_msgs/msg/_package_UInt64.lisp, /home/madhav/Documents/ros1_melodic_ws/devel/share/common-lisp/ros/std_msgs/msg/_package_UInt64.lisp)
Linked: (/home/madhav/Documents/ros1_melodic_ws/devel/.private/std_msgs/share/common-lisp/ros/std_msgs/msg/Float32MultiArray.lisp, /home/madhav/Documents/ros1_melodic_ws/devel/share/common-lisp/ros/std_msgs/msg/Float32MultiArray.lisp)
Linked: (/home/madhav/Documents/ros1_melodic_ws/devel/.private/std_msgs/share/common-lisp/ros/std_msgs/msg/Bool.lisp, /home/madhav/Documents/ros1_melodic_ws/devel/share/common-lisp/ros/std_msgs/msg/Bool.lisp)
Linked: (/home/madhav/Documents/ros1_melodic_ws/devel/.private/std_msgs/share/common-lisp/ros/std_msgs/msg/Int64MultiArray.lisp, /home/madhav/Documents/ros1_melodic_ws/devel/share/common-lisp/ros/std_msgs/msg/Int64MultiArray.lisp)
Linked: (/home/madhav/Documents/ros1_melodic_ws/devel/.private/std_msgs/share/common-lisp/ros/std_msgs/msg/String.lisp, /home/madhav/Documents/ros1_melodic_ws/devel/share/common-lisp/ros/std_msgs/msg/String.lisp)
Linked: (/home/madhav/Documents/ros1_melodic_ws/devel/.private/std_msgs/share/common-lisp/ros/std_msgs/msg/_package_MultiArrayLayout.lisp, /home/madhav/Documents/ros1_melodic_ws/devel/share/common-lisp/ros/std_msgs/msg/_package_MultiArrayLayout.lisp)
Linked: (/home/madhav/Documents/ros1_melodic_ws/devel/.private/std_msgs/share/common-lisp/ros/std_msgs/msg/UInt16MultiArray.lisp, /home/madhav/Documents/ros1_melodic_ws/devel/share/common-lisp/ros/std_msgs/msg/UInt16MultiArray.lisp)
Linked: (/home/madhav/Documents/ros1_melodic_ws/devel/.private/std_msgs/share/common-lisp/ros/std_msgs/msg/_package_Float64MultiArray.lisp, /home/madhav/Documents/ros1_melodic_ws/devel/share/common-lisp/ros/std_msgs/msg/_package_Float64MultiArray.lisp)
Linked: (/home/madhav/Documents/ros1_melodic_ws/devel/.private/std_msgs/share/common-lisp/ros/std_msgs/msg/_package_Byte.lisp, /home/madhav/Documents/ros1_melodic_ws/devel/share/common-lisp/ros/std_msgs/msg/_package_Byte.lisp)
Linked: (/home/madhav/Documents/ros1_melodic_ws/devel/.private/std_msgs/share/common-lisp/ros/std_msgs/msg/UInt16.lisp, /home/madhav/Documents/ros1_melodic_ws/devel/share/common-lisp/ros/std_msgs/msg/UInt16.lisp)
Linked: (/home/madhav/Documents/ros1_melodic_ws/devel/.private/std_msgs/share/common-lisp/ros/std_msgs/msg/UInt32.lisp, /home/madhav/Documents/ros1_melodic_ws/devel/share/common-lisp/ros/std_msgs/msg/UInt32.lisp)
Linked: (/home/madhav/Documents/ros1_melodic_ws/devel/.private/std_msgs/share/common-lisp/ros/std_msgs/msg/_package_Header.lisp, /home/madhav/Documents/ros1_melodic_ws/devel/share/common-lisp/ros/std_msgs/msg/_package_Header.lisp)
Linked: (/home/madhav/Documents/ros1_melodic_ws/devel/.private/std_msgs/share/common-lisp/ros/std_msgs/msg/_package_Int8MultiArray.lisp, /home/madhav/Documents/ros1_melodic_ws/devel/share/common-lisp/ros/std_msgs/msg/_package_Int8MultiArray.lisp)
Linked: (/home/madhav/Documents/ros1_melodic_ws/devel/.private/std_msgs/share/common-lisp/ros/std_msgs/msg/Float64MultiArray.lisp, /home/madhav/Documents/ros1_melodic_ws/devel/share/common-lisp/ros/std_msgs/msg/Float64MultiArray.lisp)
Linked: (/home/madhav/Documents/ros1_melodic_ws/devel/.private/std_msgs/share/common-lisp/ros/std_msgs/msg/_package.lisp, /home/madhav/Documents/ros1_melodic_ws/devel/share/common-lisp/ros/std_msgs/msg/_package.lisp)
Linked: (/home/madhav/Documents/ros1_melodic_ws/devel/.private/std_msgs/share/common-lisp/ros/std_msgs/msg/_package_Time.lisp, /home/madhav/Documents/ros1_melodic_ws/devel/share/common-lisp/ros/std_msgs/msg/_package_Time.lisp)
Linked: (/home/madhav/Documents/ros1_melodic_ws/devel/.private/std_msgs/share/common-lisp/ros/std_msgs/msg/Int16.lisp, /home/madhav/Documents/ros1_melodic_ws/devel/share/common-lisp/ros/std_msgs/msg/Int16.lisp)
Linked: (/home/madhav/Documents/ros1_melodic_ws/devel/.private/std_msgs/lib/pkgconfig/std_msgs.pc, /home/madhav/Documents/ros1_melodic_ws/devel/lib/pkgconfig/std_msgs.pc)
Linked: (/home/madhav/Documents/ros1_melodic_ws/devel/.private/std_msgs/include/std_msgs/Int16MultiArray.h, /home/madhav/Documents/ros1_melodic_ws/devel/include/std_msgs/Int16MultiArray.h)
Linked: (/home/madhav/Documents/ros1_melodic_ws/devel/.private/std_msgs/include/std_msgs/Int8MultiArray.h, /home/madhav/Documents/ros1_melodic_ws/devel/include/std_msgs/Int8MultiArray.h)
Linked: (/home/madhav/Documents/ros1_melodic_ws/devel/.private/std_msgs/include/std_msgs/Empty.h, /home/madhav/Documents/ros1_melodic_ws/devel/include/std_msgs/Empty.h)
Linked: (/home/madhav/Documents/ros1_melodic_ws/devel/.private/std_msgs/include/std_msgs/UInt64.h, /home/madhav/Documents/ros1_melodic_ws/devel/include/std_msgs/UInt64.h)
Linked: (/home/madhav/Documents/ros1_melodic_ws/devel/.private/std_msgs/include/std_msgs/Float32.h, /home/madhav/Documents/ros1_melodic_ws/devel/include/std_msgs/Float32.h)
Linked: (/home/madhav/Documents/ros1_melodic_ws/devel/.private/std_msgs/include/std_msgs/Bool.h, /home/madhav/Documents/ros1_melodic_ws/devel/include/std_msgs/Bool.h)
Linked: (/home/madhav/Documents/ros1_melodic_ws/devel/.private/std_msgs/include/std_msgs/Int32.h, /home/madhav/Documents/ros1_melodic_ws/devel/include/std_msgs/Int32.h)
Linked: (/home/madhav/Documents/ros1_melodic_ws/devel/.private/std_msgs/include/std_msgs/ByteMultiArray.h, /home/madhav/Documents/ros1_melodic_ws/devel/include/std_msgs/ByteMultiArray.h)
Linked: (/home/madhav/Documents/ros1_melodic_ws/devel/.private/std_msgs/include/std_msgs/UInt16MultiArray.h, /home/madhav/Documents/ros1_melodic_ws/devel/include/std_msgs/UInt16MultiArray.h)
Linked: (/home/madhav/Documents/ros1_melodic_ws/devel/.private/std_msgs/include/std_msgs/Int32MultiArray.h, /home/madhav/Documents/ros1_melodic_ws/devel/include/std_msgs/Int32MultiArray.h)
Linked: (/home/madhav/Documents/ros1_melodic_ws/devel/.private/std_msgs/include/std_msgs/Float64.h, /home/madhav/Documents/ros1_melodic_ws/devel/include/std_msgs/Float64.h)
Linked: (/home/madhav/Documents/ros1_melodic_ws/devel/.private/std_msgs/include/std_msgs/MultiArrayDimension.h, /home/madhav/Documents/ros1_melodic_ws/devel/include/std_msgs/MultiArrayDimension.h)
Linked: (/home/madhav/Documents/ros1_melodic_ws/devel/.private/std_msgs/include/std_msgs/Time.h, /home/madhav/Documents/ros1_melodic_ws/devel/include/std_msgs/Time.h)
Linked: (/home/madhav/Documents/ros1_melodic_ws/devel/.private/std_msgs/include/std_msgs/Int16.h, /home/madhav/Documents/ros1_melodic_ws/devel/include/std_msgs/Int16.h)
Linked: (/home/madhav/Documents/ros1_melodic_ws/devel/.private/std_msgs/include/std_msgs/UInt8MultiArray.h, /home/madhav/Documents/ros1_melodic_ws/devel/include/std_msgs/UInt8MultiArray.h)
Linked: (/home/madhav/Documents/ros1_melodic_ws/devel/.private/std_msgs/include/std_msgs/Float64MultiArray.h, /home/madhav/Documents/ros1_melodic_ws/devel/include/std_msgs/Float64MultiArray.h)
Linked: (/home/madhav/Documents/ros1_melodic_ws/devel/.private/std_msgs/include/std_msgs/UInt32.h, /home/madhav/Documents/ros1_melodic_ws/devel/include/std_msgs/UInt32.h)
Linked: (/home/madhav/Documents/ros1_melodic_ws/devel/.private/std_msgs/include/std_msgs/Header.h, /home/madhav/Documents/ros1_melodic_ws/devel/include/std_msgs/Header.h)
Linked: (/home/madhav/Documents/ros1_melodic_ws/devel/.private/std_msgs/include/std_msgs/String.h, /home/madhav/Documents/ros1_melodic_ws/devel/include/std_msgs/String.h)
Linked: (/home/madhav/Documents/ros1_melodic_ws/devel/.private/std_msgs/include/std_msgs/Int8.h, /home/madhav/Documents/ros1_melodic_ws/devel/include/std_msgs/Int8.h)
Linked: (/home/madhav/Documents/ros1_melodic_ws/devel/.private/std_msgs/include/std_msgs/Duration.h, /home/madhav/Documents/ros1_melodic_ws/devel/include/std_msgs/Duration.h)
Linked: (/home/madhav/Documents/ros1_melodic_ws/devel/.private/std_msgs/include/std_msgs/UInt32MultiArray.h, /home/madhav/Documents/ros1_melodic_ws/devel/include/std_msgs/UInt32MultiArray.h)
Linked: (/home/madhav/Documents/ros1_melodic_ws/devel/.private/std_msgs/include/std_msgs/Float32MultiArray.h, /home/madhav/Documents/ros1_melodic_ws/devel/include/std_msgs/Float32MultiArray.h)
Linked: (/home/madhav/Documents/ros1_melodic_ws/devel/.private/std_msgs/include/std_msgs/UInt64MultiArray.h, /home/madhav/Documents/ros1_melodic_ws/devel/include/std_msgs/UInt64MultiArray.h)
Linked: (/home/madhav/Documents/ros1_melodic_ws/devel/.private/std_msgs/include/std_msgs/ColorRGBA.h, /home/madhav/Documents/ros1_melodic_ws/devel/include/std_msgs/ColorRGBA.h)
Linked: (/home/madhav/Documents/ros1_melodic_ws/devel/.private/std_msgs/include/std_msgs/Int64MultiArray.h, /home/madhav/Documents/ros1_melodic_ws/devel/include/std_msgs/Int64MultiArray.h)
Linked: (/home/madhav/Documents/ros1_melodic_ws/devel/.private/std_msgs/include/std_msgs/MultiArrayLayout.h, /home/madhav/Documents/ros1_melodic_ws/devel/include/std_msgs/MultiArrayLayout.h)
Linked: (/home/madhav/Documents/ros1_melodic_ws/devel/.private/std_msgs/include/std_msgs/Byte.h, /home/madhav/Documents/ros1_melodic_ws/devel/include/std_msgs/Byte.h)
Linked: (/home/madhav/Documents/ros1_melodic_ws/devel/.private/std_msgs/include/std_msgs/Int64.h, /home/madhav/Documents/ros1_melodic_ws/devel/include/std_msgs/Int64.h)
Linked: (/home/madhav/Documents/ros1_melodic_ws/devel/.private/std_msgs/include/std_msgs/UInt16.h, /home/madhav/Documents/ros1_melodic_ws/devel/include/std_msgs/UInt16.h)
Linked: (/home/madhav/Documents/ros1_melodic_ws/devel/.private/std_msgs/include/std_msgs/UInt8.h, /home/madhav/Documents/ros1_melodic_ws/devel/include/std_msgs/UInt8.h)
Linked: (/home/madhav/Documents/ros1_melodic_ws/devel/.private/std_msgs/include/std_msgs/Char.h, /home/madhav/Documents/ros1_melodic_ws/devel/include/std_msgs/Char.h)
