Linked: (/home/madhav/Documents/ros1_melodic_ws/devel/.private/rosgraph_msgs/share/roseus/ros/rosgraph_msgs/manifest.l, /home/madhav/Documents/ros1_melodic_ws/devel/share/roseus/ros/rosgraph_msgs/manifest.l)
Linked: (/home/madhav/Documents/ros1_melodic_ws/devel/.private/rosgraph_msgs/share/roseus/ros/rosgraph_msgs/msg/TopicStatistics.l, /home/madhav/Documents/ros1_melodic_ws/devel/share/roseus/ros/rosgraph_msgs/msg/TopicStatistics.l)
Linked: (/home/madhav/Documents/ros1_melodic_ws/devel/.private/rosgraph_msgs/share/roseus/ros/rosgraph_msgs/msg/Log.l, /home/madhav/Documents/ros1_melodic_ws/devel/share/roseus/ros/rosgraph_msgs/msg/Log.l)
Linked: (/home/madhav/Documents/ros1_melodic_ws/devel/.private/rosgraph_msgs/share/roseus/ros/rosgraph_msgs/msg/Clock.l, /home/madhav/Documents/ros1_melodic_ws/devel/share/roseus/ros/rosgraph_msgs/msg/Clock.l)
Linked: (/home/madhav/Documents/ros1_melodic_ws/devel/.private/rosgraph_msgs/share/gennodejs/ros/rosgraph_msgs/_index.js, /home/madhav/Documents/ros1_melodic_ws/devel/share/gennodejs/ros/rosgraph_msgs/_index.js)
Linked: (/home/madhav/Documents/ros1_melodic_ws/devel/.private/rosgraph_msgs/share/gennodejs/ros/rosgraph_msgs/msg/Log.js, /home/madhav/Documents/ros1_melodic_ws/devel/share/gennodejs/ros/rosgraph_msgs/msg/Log.js)
Linked: (/home/madhav/Documents/ros1_melodic_ws/devel/.private/rosgraph_msgs/share/gennodejs/ros/rosgraph_msgs/msg/_index.js, /home/madhav/Documents/ros1_melodic_ws/devel/share/gennodejs/ros/rosgraph_msgs/msg/_index.js)
Linked: (/home/madhav/Documents/ros1_melodic_ws/devel/.private/rosgraph_msgs/share/gennodejs/ros/rosgraph_msgs/msg/Clock.js, /home/madhav/Documents/ros1_melodic_ws/devel/share/gennodejs/ros/rosgraph_msgs/msg/Clock.js)
Linked: (/home/madhav/Documents/ros1_melodic_ws/devel/.private/rosgraph_msgs/share/gennodejs/ros/rosgraph_msgs/msg/TopicStatistics.js, /home/madhav/Documents/ros1_melodic_ws/devel/share/gennodejs/ros/rosgraph_msgs/msg/TopicStatistics.js)
Linked: (/home/madhav/Documents/ros1_melodic_ws/devel/.private/rosgraph_msgs/share/common-lisp/ros/rosgraph_msgs/msg/Log.lisp, /home/madhav/Documents/ros1_melodic_ws/devel/share/common-lisp/ros/rosgraph_msgs/msg/Log.lisp)
Linked: (/home/madhav/Documents/ros1_melodic_ws/devel/.private/rosgraph_msgs/share/common-lisp/ros/rosgraph_msgs/msg/rosgraph_msgs-msg.asd, /home/madhav/Documents/ros1_melodic_ws/devel/share/common-lisp/ros/rosgraph_msgs/msg/rosgraph_msgs-msg.asd)
Linked: (/home/madhav/Documents/ros1_melodic_ws/devel/.private/rosgraph_msgs/share/common-lisp/ros/rosgraph_msgs/msg/_package_Clock.lisp, /home/madhav/Documents/ros1_melodic_ws/devel/share/common-lisp/ros/rosgraph_msgs/msg/_package_Clock.lisp)
Linked: (/home/madhav/Documents/ros1_melodic_ws/devel/.private/rosgraph_msgs/share/common-lisp/ros/rosgraph_msgs/msg/_package_TopicStatistics.lisp, /home/madhav/Documents/ros1_melodic_ws/devel/share/common-lisp/ros/rosgraph_msgs/msg/_package_TopicStatistics.lisp)
Linked: (/home/madhav/Documents/ros1_melodic_ws/devel/.private/rosgraph_msgs/share/common-lisp/ros/rosgraph_msgs/msg/Clock.lisp, /home/madhav/Documents/ros1_melodic_ws/devel/share/common-lisp/ros/rosgraph_msgs/msg/Clock.lisp)
Linked: (/home/madhav/Documents/ros1_melodic_ws/devel/.private/rosgraph_msgs/share/common-lisp/ros/rosgraph_msgs/msg/TopicStatistics.lisp, /home/madhav/Documents/ros1_melodic_ws/devel/share/common-lisp/ros/rosgraph_msgs/msg/TopicStatistics.lisp)
Linked: (/home/madhav/Documents/ros1_melodic_ws/devel/.private/rosgraph_msgs/share/common-lisp/ros/rosgraph_msgs/msg/_package_Log.lisp, /home/madhav/Documents/ros1_melodic_ws/devel/share/common-lisp/ros/rosgraph_msgs/msg/_package_Log.lisp)
Linked: (/home/madhav/Documents/ros1_melodic_ws/devel/.private/rosgraph_msgs/share/common-lisp/ros/rosgraph_msgs/msg/_package.lisp, /home/madhav/Documents/ros1_melodic_ws/devel/share/common-lisp/ros/rosgraph_msgs/msg/_package.lisp)
Linked: (/home/madhav/Documents/ros1_melodic_ws/devel/.private/rosgraph_msgs/share/rosgraph_msgs/cmake/rosgraph_msgsConfig-version.cmake, /home/madhav/Documents/ros1_melodic_ws/devel/share/rosgraph_msgs/cmake/rosgraph_msgsConfig-version.cmake)
Linked: (/home/madhav/Documents/ros1_melodic_ws/devel/.private/rosgraph_msgs/share/rosgraph_msgs/cmake/rosgraph_msgs-msg-extras.cmake, /home/madhav/Documents/ros1_melodic_ws/devel/share/rosgraph_msgs/cmake/rosgraph_msgs-msg-extras.cmake)
Linked: (/home/madhav/Documents/ros1_melodic_ws/devel/.private/rosgraph_msgs/share/rosgraph_msgs/cmake/rosgraph_msgsConfig.cmake, /home/madhav/Documents/ros1_melodic_ws/devel/share/rosgraph_msgs/cmake/rosgraph_msgsConfig.cmake)
Linked: (/home/madhav/Documents/ros1_melodic_ws/devel/.private/rosgraph_msgs/share/rosgraph_msgs/cmake/rosgraph_msgs-msg-paths.cmake, /home/madhav/Documents/ros1_melodic_ws/devel/share/rosgraph_msgs/cmake/rosgraph_msgs-msg-paths.cmake)
Linked: (/home/madhav/Documents/ros1_melodic_ws/devel/.private/rosgraph_msgs/lib/pkgconfig/rosgraph_msgs.pc, /home/madhav/Documents/ros1_melodic_ws/devel/lib/pkgconfig/rosgraph_msgs.pc)
Linked: (/home/madhav/Documents/ros1_melodic_ws/devel/.private/rosgraph_msgs/include/rosgraph_msgs/Clock.h, /home/madhav/Documents/ros1_melodic_ws/devel/include/rosgraph_msgs/Clock.h)
Linked: (/home/madhav/Documents/ros1_melodic_ws/devel/.private/rosgraph_msgs/include/rosgraph_msgs/Log.h, /home/madhav/Documents/ros1_melodic_ws/devel/include/rosgraph_msgs/Log.h)
Linked: (/home/madhav/Documents/ros1_melodic_ws/devel/.private/rosgraph_msgs/include/rosgraph_msgs/TopicStatistics.h, /home/madhav/Documents/ros1_melodic_ws/devel/include/rosgraph_msgs/TopicStatistics.h)
